<?xml version="1.0" encoding="UTF-8"?>
<!-- Generated by org.testng.reporters.JUnitReportReporter -->
<testsuite skipped="0" hostname="PC47" name="Basic.BasicConcept" tests="1" failures="0" timestamp="2019-11-12T11:29:42 IST" time="0.039" errors="0">
  <testcase name="verifyTitle" time="0.039" classname="Basic.BasicConcept"/>
</testsuite> <!-- Basic.BasicConcept -->
