<?xml version="1.0" encoding="UTF-8"?>
<!-- Generated by org.testng.reporters.JUnitReportReporter -->
<testsuite skipped="0" hostname="PC47" name="com.demoaut.newtours.claassJava.copy.LoginClass" tests="2" failures="0" timestamp="2019-11-18T11:45:28 IST" time="20.264" errors="0">
  <testcase name="verifyTitle" time="0.029" classname="com.demoaut.newtours.claassJava.copy.LoginClass"/>
  <testcase name="verifyUserLoginfunctionality" time="20.235" classname="com.demoaut.newtours.claassJava.copy.LoginClass"/>
</testsuite> <!-- com.demoaut.newtours.claassJava.copy.LoginClass -->
