<?xml version="1.0" encoding="UTF-8"?>
<!-- Generated by org.testng.reporters.JUnitReportReporter -->
<testsuite skipped="0" hostname="PC47" name="com.demoaut.newtours.claassJava.copy.Register" tests="2" failures="0" timestamp="2019-11-15T15:39:14 IST" time="14.047" errors="0">
  <testcase name="userRegistration" time="14.012" classname="com.demoaut.newtours.claassJava.copy.Register"/>
  <testcase name="verifyTitle" time="0.035" classname="com.demoaut.newtours.claassJava.copy.Register"/>
</testsuite> <!-- com.demoaut.newtours.claassJava.copy.Register -->
